c:\users\christopher\documents\github\cse328\grassandstuff\grassandstuff\debug\grassandstuff.pch
c:\users\christopher\documents\github\cse328\grassandstuff\grassandstuff\debug\vc120.pdb
c:\users\christopher\documents\github\cse328\grassandstuff\grassandstuff\debug\stdafx.obj
c:\users\christopher\documents\github\cse328\grassandstuff\grassandstuff\debug\grassandstuff.obj
c:\users\christopher\documents\github\cse328\grassandstuff\grassandstuff\debug\assemblyinfo.obj
c:\users\christopher\documents\github\cse328\grassandstuff\grassandstuff\debug\.netframework,version=v4.0.assemblyattributes.obj
c:\users\christopher\documents\github\cse328\grassandstuff\debug\grassandstuff.exe
c:\users\christopher\documents\github\cse328\grassandstuff\debug\grassandstuff.pdb
c:\users\christopher\documents\github\cse328\grassandstuff\grassandstuff\debug\app.res
c:\users\christopher\documents\github\cse328\grassandstuff\grassandstuff\debug\grassandstuff.tlog\cl.command.1.tlog
c:\users\christopher\documents\github\cse328\grassandstuff\grassandstuff\debug\grassandstuff.tlog\cl.read.1.tlog
c:\users\christopher\documents\github\cse328\grassandstuff\grassandstuff\debug\grassandstuff.tlog\cl.write.1.tlog
c:\users\christopher\documents\github\cse328\grassandstuff\grassandstuff\debug\grassandstuff.tlog\link.command.1.tlog
c:\users\christopher\documents\github\cse328\grassandstuff\grassandstuff\debug\grassandstuff.tlog\link.read.1.tlog
c:\users\christopher\documents\github\cse328\grassandstuff\grassandstuff\debug\grassandstuff.tlog\link.write.1.tlog
c:\users\christopher\documents\github\cse328\grassandstuff\grassandstuff\debug\grassandstuff.tlog\metagen.read.1.tlog
c:\users\christopher\documents\github\cse328\grassandstuff\grassandstuff\debug\grassandstuff.tlog\metagen.write.1.tlog
c:\users\christopher\documents\github\cse328\grassandstuff\grassandstuff\debug\grassandstuff.tlog\rc.command.1.tlog
c:\users\christopher\documents\github\cse328\grassandstuff\grassandstuff\debug\grassandstuff.tlog\rc.read.1.tlog
c:\users\christopher\documents\github\cse328\grassandstuff\grassandstuff\debug\grassandstuff.tlog\rc.write.1.tlog
c:\users\christopher\documents\github\cse328\grassandstuff\grassandstuff\debug\grassandstuff.tlog\tzres.dll.bi
